02-14-2018 02:34 [AWT-EventQueue-0] ERROR HibernateUtil.java (17) - Initial SessionFactory creation failed. (org.hibernate.service.spi.ServiceException: Unable to create requested service [org.hibernate.engine.jdbc.env.spi.JdbcEnvironment])
02-14-2018 02:39 [AWT-EventQueue-0] ERROR HibernateUtil.java (17) - Initial SessionFactory creation failed. (org.hibernate.service.spi.ServiceException: Unable to create requested service [org.hibernate.engine.jdbc.env.spi.JdbcEnvironment])
02-14-2018 02:45 [AWT-EventQueue-0] ERROR HibernateUtil.java (17) - Initial SessionFactory creation failed. (org.hibernate.service.spi.ServiceException: Unable to create requested service [org.hibernate.engine.jdbc.env.spi.JdbcEnvironment])
02-14-2018 02:49 [AWT-EventQueue-0] ERROR HibernateUtil.java (17) - Initial SessionFactory creation failed. (org.hibernate.service.spi.ServiceException: Unable to create requested service [org.hibernate.engine.jdbc.env.spi.JdbcEnvironment])
02-14-2018 02:51 [AWT-EventQueue-0] ERROR HibernateUtil.java (17) - Initial SessionFactory creation failed. (org.hibernate.service.spi.ServiceException: Unable to create requested service [org.hibernate.engine.jdbc.env.spi.JdbcEnvironment])
02-14-2018 02:52 [AWT-EventQueue-0] ERROR HibernateUtil.java (17) - Initial SessionFactory creation failed. (org.hibernate.tool.schema.spi.SchemaManagementException: Schema-validation: missing table [LEAGUES])
02-14-2018 02:52 [AWT-EventQueue-0] ERROR HibernateUtil.java (17) - Initial SessionFactory creation failed. (org.hibernate.service.spi.ServiceException: Unable to create requested service [org.hibernate.engine.jdbc.env.spi.JdbcEnvironment])
02-14-2018 20:08 [AWT-EventQueue-0] ERROR HibernateUtil.java (18) - Initial SessionFactory creation failed. (org.hibernate.tool.schema.spi.SchemaManagementException: Schema-validation: missing table [LEAGUES])
02-14-2018 21:42 [AWT-EventQueue-0] ERROR HibernateUtil.java (18) - Initial SessionFactory creation failed. (org.hibernate.service.spi.ServiceException: Unable to create requested service [org.hibernate.engine.jdbc.env.spi.JdbcEnvironment])
02-14-2018 22:29 [AWT-EventQueue-0] ERROR HibernateUtil.java (19) - Initial SessionFactory creation failed. (org.hibernate.service.spi.ServiceException: Unable to create requested service [org.hibernate.engine.jdbc.env.spi.JdbcEnvironment])
02-14-2018 22:44 [AWT-EventQueue-0] ERROR HibernateUtil.java (19) - Initial SessionFactory creation failed. (org.hibernate.service.spi.ServiceException: Unable to create requested service [org.hibernate.engine.jdbc.env.spi.JdbcEnvironment])
02-14-2018 22:47 [AWT-EventQueue-0] ERROR HibernateUtil.java (19) - Initial SessionFactory creation failed. (org.hibernate.service.spi.ServiceException: Unable to create requested service [org.hibernate.engine.jdbc.env.spi.JdbcEnvironment])
02-14-2018 22:48 [AWT-EventQueue-0] ERROR HibernateUtil.java (19) - Initial SessionFactory creation failed. (org.hibernate.service.spi.ServiceException: Unable to create requested service [org.hibernate.engine.jdbc.env.spi.JdbcEnvironment])
02-14-2018 22:58 [AWT-EventQueue-0] ERROR HibernateUtil.java (57) - Error during update of database. (org.hibernate.exception.DataException: could not prepare statement)
02-14-2018 22:58 [AWT-EventQueue-0] ERROR HibernateUtil.java (57) - Error during update of database. (org.hibernate.exception.DataException: could not prepare statement)
02-14-2018 22:58 [AWT-EventQueue-0] ERROR HibernateUtil.java (57) - Error during update of database. (org.hibernate.exception.DataException: could not prepare statement)
02-14-2018 22:58 [AWT-EventQueue-0] ERROR HibernateUtil.java (57) - Error during update of database. (org.hibernate.exception.DataException: could not prepare statement)
02-14-2018 22:58 [AWT-EventQueue-0] ERROR HibernateUtil.java (57) - Error during update of database. (org.hibernate.exception.DataException: could not prepare statement)
02-14-2018 22:58 [AWT-EventQueue-0] ERROR HibernateUtil.java (57) - Error during update of database. (org.hibernate.exception.DataException: could not prepare statement)
02-14-2018 22:58 [AWT-EventQueue-0] ERROR HibernateUtil.java (57) - Error during update of database. (org.hibernate.exception.DataException: could not prepare statement)
02-14-2018 22:58 [AWT-EventQueue-0] ERROR HibernateUtil.java (57) - Error during update of database. (org.hibernate.exception.DataException: could not prepare statement)
02-14-2018 22:58 [AWT-EventQueue-0] ERROR HibernateUtil.java (57) - Error during update of database. (org.hibernate.exception.DataException: could not prepare statement)
02-14-2018 22:58 [AWT-EventQueue-0] ERROR HibernateUtil.java (57) - Error during update of database. (org.hibernate.exception.DataException: could not prepare statement)
02-14-2018 22:58 [AWT-EventQueue-0] ERROR HibernateUtil.java (57) - Error during update of database. (org.hibernate.exception.DataException: could not prepare statement)
02-14-2018 22:58 [AWT-EventQueue-0] ERROR HibernateUtil.java (57) - Error during update of database. (org.hibernate.exception.DataException: could not prepare statement)
02-14-2018 22:58 [AWT-EventQueue-0] ERROR HibernateUtil.java (57) - Error during update of database. (org.hibernate.exception.DataException: could not prepare statement)
02-14-2018 23:05 [AWT-EventQueue-0] ERROR HibernateUtil.java (57) - Error during update of database. (org.hibernate.exception.DataException: could not prepare statement)
02-14-2018 23:05 [AWT-EventQueue-0] ERROR HibernateUtil.java (57) - Error during update of database. (org.hibernate.exception.DataException: could not prepare statement)
02-14-2018 23:05 [AWT-EventQueue-0] ERROR HibernateUtil.java (57) - Error during update of database. (org.hibernate.exception.DataException: could not prepare statement)
02-14-2018 23:05 [AWT-EventQueue-0] ERROR HibernateUtil.java (57) - Error during update of database. (org.hibernate.exception.DataException: could not prepare statement)
02-14-2018 23:05 [AWT-EventQueue-0] ERROR HibernateUtil.java (57) - Error during update of database. (org.hibernate.exception.DataException: could not prepare statement)
02-14-2018 23:05 [AWT-EventQueue-0] ERROR HibernateUtil.java (57) - Error during update of database. (org.hibernate.exception.DataException: could not prepare statement)
02-14-2018 23:05 [AWT-EventQueue-0] ERROR HibernateUtil.java (57) - Error during update of database. (org.hibernate.exception.DataException: could not prepare statement)
02-14-2018 23:05 [AWT-EventQueue-0] ERROR HibernateUtil.java (57) - Error during update of database. (org.hibernate.exception.DataException: could not prepare statement)
02-14-2018 23:05 [AWT-EventQueue-0] ERROR HibernateUtil.java (57) - Error during update of database. (org.hibernate.exception.DataException: could not prepare statement)
02-14-2018 23:05 [AWT-EventQueue-0] ERROR HibernateUtil.java (57) - Error during update of database. (org.hibernate.exception.DataException: could not prepare statement)
02-14-2018 23:05 [AWT-EventQueue-0] ERROR HibernateUtil.java (57) - Error during update of database. (org.hibernate.exception.DataException: could not prepare statement)
02-14-2018 23:05 [AWT-EventQueue-0] ERROR HibernateUtil.java (57) - Error during update of database. (org.hibernate.exception.DataException: could not prepare statement)
02-14-2018 23:05 [AWT-EventQueue-0] ERROR HibernateUtil.java (57) - Error during update of database. (org.hibernate.exception.DataException: could not prepare statement)
02-15-2018 01:14 [AWT-EventQueue-0] ERROR HibernateUtil.java (23) - Initial SessionFactory creation failed. (org.hibernate.service.spi.ServiceException: Unable to create requested service [org.hibernate.engine.jdbc.env.spi.JdbcEnvironment])
02-15-2018 01:18 [AWT-EventQueue-0] ERROR HibernateUtil.java (23) - Initial SessionFactory creation failed. (org.hibernate.service.spi.ServiceException: Unable to create requested service [org.hibernate.engine.jdbc.env.spi.JdbcEnvironment])
02-15-2018 01:29 [AWT-EventQueue-0] ERROR HibernateUtil.java (23) - Initial SessionFactory creation failed. (org.hibernate.service.spi.ServiceException: Unable to create requested service [org.hibernate.engine.jdbc.env.spi.JdbcEnvironment])
02-15-2018 01:58 [AWT-EventQueue-0] ERROR HibernateUtil.java (23) - Initial SessionFactory creation failed. (org.hibernate.service.spi.ServiceException: Unable to create requested service [org.hibernate.engine.jdbc.env.spi.JdbcEnvironment])
02-15-2018 06:15 [AWT-EventQueue-0] ERROR HibernateUtil.java (23) - Initial SessionFactory creation failed. (org.hibernate.service.spi.ServiceException: Unable to create requested service [org.hibernate.engine.jdbc.env.spi.JdbcEnvironment])
02-15-2018 06:18 [AWT-EventQueue-0] ERROR HibernateUtil.java (23) - Initial SessionFactory creation failed. (org.hibernate.service.spi.ServiceException: Unable to create requested service [org.hibernate.engine.jdbc.env.spi.JdbcEnvironment])
02-15-2018 23:22 [AWT-EventQueue-0] ERROR HibernateUtil.java (23) - Initial SessionFactory creation failed. (org.hibernate.service.spi.ServiceException: Unable to create requested service [org.hibernate.engine.jdbc.env.spi.JdbcEnvironment])
02-16-2018 01:01 [AWT-EventQueue-0] ERROR HibernateUtil.java (23) - Initial SessionFactory creation failed. (org.hibernate.AnnotationException: List/array has to be annotated with an @OrderColumn (or @IndexColumn): com.sportify.entity.League.statistics)
02-16-2018 01:07 [AWT-EventQueue-0] ERROR HibernateUtil.java (23) - Initial SessionFactory creation failed. (org.hibernate.service.spi.ServiceException: Unable to create requested service [org.hibernate.engine.jdbc.env.spi.JdbcEnvironment])
02-16-2018 01:08 [AWT-EventQueue-0] ERROR HibernateUtil.java (23) - Initial SessionFactory creation failed. (org.hibernate.AnnotationException: List/array has to be annotated with an @OrderColumn (or @IndexColumn): com.sportify.entity.League.statistics)
02-16-2018 01:37 [AWT-EventQueue-0] ERROR HibernateUtil.java (23) - Initial SessionFactory creation failed. (org.hibernate.service.spi.ServiceException: Unable to create requested service [org.hibernate.engine.jdbc.env.spi.JdbcEnvironment])
02-16-2018 01:52 [AWT-EventQueue-0] ERROR HibernateUtil.java (23) - Initial SessionFactory creation failed. (org.hibernate.AnnotationException: Illegal attempt to map a non collection as a @OneToMany, @ManyToMany or @CollectionOfElements: com.sportify.entity.League.statistics)
02-16-2018 01:53 [AWT-EventQueue-0] ERROR HibernateUtil.java (23) - Initial SessionFactory creation failed. (org.hibernate.AnnotationException: Illegal attempt to map a non collection as a @OneToMany, @ManyToMany or @CollectionOfElements: com.sportify.entity.League.teams)
02-16-2018 18:17 [AWT-EventQueue-0] ERROR HibernateUtil.java (23) - Initial SessionFactory creation failed. (org.hibernate.service.spi.ServiceException: Unable to create requested service [org.hibernate.engine.jdbc.env.spi.JdbcEnvironment])
02-16-2018 18:17 [AWT-EventQueue-0] ERROR HibernateUtil.java (23) - Initial SessionFactory creation failed. (org.hibernate.tool.schema.spi.SchemaManagementException: Schema-validation: missing table [LEAGUES])
02-16-2018 21:18 [AWT-EventQueue-0] ERROR HibernateUtil.java (23) - Initial SessionFactory creation failed. (java.lang.NoClassDefFoundError: javax/xml/bind/JAXBException)
02-16-2018 22:11 [AWT-EventQueue-0] ERROR HibernateUtil.java (23) - Initial SessionFactory creation failed. (org.hibernate.tool.schema.spi.SchemaManagementException: Schema-validation: missing table [STANDINGS])
